This is pdfTeX, Version 3.14159265-2.6-1.40.18 (TeX Live 2017/Debian) (preloaded format=pdflatex 2020.8.31)  30 JUN 2021 12:33
entering extended mode
 restricted \write18 enabled.
 %&-line parsing enabled.
**quick_start.tex
(./quick_start.tex
LaTeX2e <2017-04-15>
Babel <3.18> and hyphenation patterns for 84 language(s) loaded.
(/usr/share/texlive/texmf-dist/tex/latex/base/article.cls
Document Class: article 2014/09/29 v1.4h Standard LaTeX document class
(/usr/share/texlive/texmf-dist/tex/latex/base/size10.clo
File: size10.clo 2014/09/29 v1.4h Standard LaTeX file (size option)
)
\c@part=\count79
\c@section=\count80
\c@subsection=\count81
\c@subsubsection=\count82
\c@paragraph=\count83
\c@subparagraph=\count84
\c@figure=\count85
\c@table=\count86
\abovecaptionskip=\skip41
\belowcaptionskip=\skip42
\bibindent=\dimen102
)
(/usr/share/texlive/texmf-dist/tex/latex/float/float.sty
Package: float 2001/11/08 v1.3d Float enhancements (AL)
\c@float@type=\count87
\float@exts=\toks14
\float@box=\box26
\@float@everytoks=\toks15
\@floatcapt=\box27
)
(/usr/share/texlive/texmf-dist/tex/latex/graphics/graphicx.sty
Package: graphicx 2017/06/01 v1.1a Enhanced LaTeX Graphics (DPC,SPQR)

(/usr/share/texlive/texmf-dist/tex/latex/graphics/keyval.sty
Package: keyval 2014/10/28 v1.15 key=value parser (DPC)
\KV@toks@=\toks16
)
(/usr/share/texlive/texmf-dist/tex/latex/graphics/graphics.sty
Package: graphics 2017/06/25 v1.2c Standard LaTeX Graphics (DPC,SPQR)

(/usr/share/texlive/texmf-dist/tex/latex/graphics/trig.sty
Package: trig 2016/01/03 v1.10 sin cos tan (DPC)
)
(/usr/share/texlive/texmf-dist/tex/latex/graphics-cfg/graphics.cfg
File: graphics.cfg 2016/06/04 v1.11 sample graphics configuration
)
Package graphics Info: Driver file: pdftex.def on input line 99.

(/usr/share/texlive/texmf-dist/tex/latex/graphics-def/pdftex.def
File: pdftex.def 2018/01/08 v1.0l Graphics/color driver for pdftex
))
\Gin@req@height=\dimen103
\Gin@req@width=\dimen104
)
(/usr/share/texlive/texmf-dist/tex/generic/babel/babel.sty
Package: babel 2018/02/14 3.18 The Babel package

(/usr/share/texlive/texmf-dist/tex/generic/babel/switch.def
File: switch.def 2018/02/14 3.18 Babel switching mechanism
)
(/usr/share/texlive/texmf-dist/tex/generic/babel-english/english.ldf
Language: english 2017/06/06 v3.3r English support from the babel system

(/usr/share/texlive/texmf-dist/tex/generic/babel/babel.def
File: babel.def 2018/02/14 3.18 Babel common definitions
\babel@savecnt=\count88
\U@D=\dimen105

(/usr/share/texlive/texmf-dist/tex/generic/babel/txtbabel.def)
\bbl@dirlevel=\count89
)
\l@canadian = a dialect from \language\l@american 
\l@australian = a dialect from \language\l@british 
\l@newzealand = a dialect from \language\l@british 
))
(/usr/share/texlive/texmf-dist/tex/latex/hyperref/hyperref.sty
Package: hyperref 2018/02/06 v6.86b Hypertext links for LaTeX

(/usr/share/texlive/texmf-dist/tex/generic/oberdiek/hobsub-hyperref.sty
Package: hobsub-hyperref 2016/05/16 v1.14 Bundle oberdiek, subset hyperref (HO)


(/usr/share/texlive/texmf-dist/tex/generic/oberdiek/hobsub-generic.sty
Package: hobsub-generic 2016/05/16 v1.14 Bundle oberdiek, subset generic (HO)
Package: hobsub 2016/05/16 v1.14 Construct package bundles (HO)
Package: infwarerr 2016/05/16 v1.4 Providing info/warning/error messages (HO)
Package: ltxcmds 2016/05/16 v1.23 LaTeX kernel commands for general use (HO)
Package: ifluatex 2016/05/16 v1.4 Provides the ifluatex switch (HO)
Package ifluatex Info: LuaTeX not detected.
Package: ifvtex 2016/05/16 v1.6 Detect VTeX and its facilities (HO)
Package ifvtex Info: VTeX not detected.
Package: intcalc 2016/05/16 v1.2 Expandable calculations with integers (HO)
Package: ifpdf 2017/03/15 v3.2 Provides the ifpdf switch
Package: etexcmds 2016/05/16 v1.6 Avoid name clashes with e-TeX commands (HO)
Package etexcmds Info: Could not find \expanded.
(etexcmds)             That can mean that you are not using pdfTeX 1.50 or
(etexcmds)             that some package has redefined \expanded.
(etexcmds)             In the latter case, load this package earlier.
Package: kvsetkeys 2016/05/16 v1.17 Key value parser (HO)
Package: kvdefinekeys 2016/05/16 v1.4 Define keys (HO)
Package: pdftexcmds 2018/01/21 v0.26 Utility functions of pdfTeX for LuaTeX (HO
)
Package pdftexcmds Info: LuaTeX not detected.
Package pdftexcmds Info: \pdf@primitive is available.
Package pdftexcmds Info: \pdf@ifprimitive is available.
Package pdftexcmds Info: \pdfdraftmode found.
Package: pdfescape 2016/05/16 v1.14 Implements pdfTeX's escape features (HO)
Package: bigintcalc 2016/05/16 v1.4 Expandable calculations on big integers (HO
)
Package: bitset 2016/05/16 v1.2 Handle bit-vector datatype (HO)
Package: uniquecounter 2016/05/16 v1.3 Provide unlimited unique counter (HO)
)
Package hobsub Info: Skipping package `hobsub' (already loaded).
Package: letltxmacro 2016/05/16 v1.5 Let assignment for LaTeX macros (HO)
Package: hopatch 2016/05/16 v1.3 Wrapper for package hooks (HO)
Package: xcolor-patch 2016/05/16 xcolor patch
Package: atveryend 2016/05/16 v1.9 Hooks at the very end of document (HO)
Package atveryend Info: \enddocument detected (standard20110627).
Package: atbegshi 2016/06/09 v1.18 At begin shipout hook (HO)
Package: refcount 2016/05/16 v3.5 Data extraction from label references (HO)
Package: hycolor 2016/05/16 v1.8 Color options for hyperref/bookmark (HO)
)
(/usr/share/texlive/texmf-dist/tex/generic/ifxetex/ifxetex.sty
Package: ifxetex 2010/09/12 v0.6 Provides ifxetex conditional
)
(/usr/share/texlive/texmf-dist/tex/latex/oberdiek/auxhook.sty
Package: auxhook 2016/05/16 v1.4 Hooks for auxiliary files (HO)
)
(/usr/share/texlive/texmf-dist/tex/latex/oberdiek/kvoptions.sty
Package: kvoptions 2016/05/16 v3.12 Key value format for package options (HO)
)
\@linkdim=\dimen106
\Hy@linkcounter=\count90
\Hy@pagecounter=\count91

(/usr/share/texlive/texmf-dist/tex/latex/hyperref/pd1enc.def
File: pd1enc.def 2018/02/06 v6.86b Hyperref: PDFDocEncoding definition (HO)
)
\Hy@SavedSpaceFactor=\count92

(/usr/share/texlive/texmf-dist/tex/latex/latexconfig/hyperref.cfg
File: hyperref.cfg 2002/06/06 v1.2 hyperref configuration of TeXLive
)

Package hyperref Warning: Unexpected value for option `pdftex'
(hyperref)                is ignored on input line 4383.

Package hyperref Info: Option `colorlinks' set `true' on input line 4383.
Package hyperref Info: Hyper figures OFF on input line 4509.
Package hyperref Info: Link nesting OFF on input line 4514.
Package hyperref Info: Hyper index ON on input line 4517.
Package hyperref Info: Plain pages OFF on input line 4524.
Package hyperref Info: Backreferencing OFF on input line 4529.
Package hyperref Info: Implicit mode ON; LaTeX internals redefined.
Package hyperref Info: Bookmarks ON on input line 4762.
\c@Hy@tempcnt=\count93
(/usr/local/share/texmf/tex/latex/url/url.sty
\Urlmuskip=\muskip10
Package: url 2013/09/16  ver 3.4  Verb mode for urls, etc.
)
LaTeX Info: Redefining \url on input line 5115.
\XeTeXLinkMargin=\dimen107
\Fld@menulength=\count94
\Field@Width=\dimen108
\Fld@charsize=\dimen109
Package hyperref Info: Hyper figures OFF on input line 6369.
Package hyperref Info: Link nesting OFF on input line 6374.
Package hyperref Info: Hyper index ON on input line 6377.
Package hyperref Info: backreferencing OFF on input line 6384.
Package hyperref Info: Link coloring ON on input line 6387.
Package hyperref Info: Link coloring with OCG OFF on input line 6394.
Package hyperref Info: PDF/A mode OFF on input line 6399.
LaTeX Info: Redefining \ref on input line 6439.
LaTeX Info: Redefining \pageref on input line 6443.
\Hy@abspage=\count95
\c@Item=\count96
\c@Hfootnote=\count97
)
Package hyperref Info: Driver: hpdftex.

(/usr/share/texlive/texmf-dist/tex/latex/hyperref/hpdftex.def
File: hpdftex.def 2018/02/06 v6.86b Hyperref driver for pdfTeX
\Fld@listcount=\count98
\c@bookmark@seq@number=\count99

(/usr/share/texlive/texmf-dist/tex/latex/oberdiek/rerunfilecheck.sty
Package: rerunfilecheck 2016/05/16 v1.8 Rerun checks for auxiliary files (HO)
Package uniquecounter Info: New unique counter `rerunfilecheck' on input line 2
82.
)
\Hy@SectionHShift=\skip43
)
(/usr/share/texlive/texmf-dist/tex/latex/caption/caption.sty
Package: caption 2016/02/21 v3.3-144 Customizing captions (AR)

(/usr/share/texlive/texmf-dist/tex/latex/caption/caption3.sty
Package: caption3 2016/05/22 v1.7-166 caption3 kernel (AR)
Package caption3 Info: TeX engine: e-TeX on input line 67.
\captionmargin=\dimen110
\captionmargin@=\dimen111
\captionwidth=\dimen112
\caption@tempdima=\dimen113
\caption@indent=\dimen114
\caption@parindent=\dimen115
\caption@hangindent=\dimen116
)
\c@ContinuedFloat=\count100
Package caption Info: float package is loaded.
Package caption Info: hyperref package is loaded.
)
(./quick_start.aux)
\openout1 = `quick_start.aux'.

LaTeX Font Info:    Checking defaults for OML/cmm/m/it on input line 24.
LaTeX Font Info:    ... okay on input line 24.
LaTeX Font Info:    Checking defaults for T1/cmr/m/n on input line 24.
LaTeX Font Info:    ... okay on input line 24.
LaTeX Font Info:    Checking defaults for OT1/cmr/m/n on input line 24.
LaTeX Font Info:    ... okay on input line 24.
LaTeX Font Info:    Checking defaults for OMS/cmsy/m/n on input line 24.
LaTeX Font Info:    ... okay on input line 24.
LaTeX Font Info:    Checking defaults for OMX/cmex/m/n on input line 24.
LaTeX Font Info:    ... okay on input line 24.
LaTeX Font Info:    Checking defaults for U/cmr/m/n on input line 24.
LaTeX Font Info:    ... okay on input line 24.
LaTeX Font Info:    Checking defaults for PD1/pdf/m/n on input line 24.
LaTeX Font Info:    ... okay on input line 24.

(/usr/share/texlive/texmf-dist/tex/context/base/mkii/supp-pdf.mkii
[Loading MPS to PDF converter (version 2006.09.02).]
\scratchcounter=\count101
\scratchdimen=\dimen117
\scratchbox=\box28
\nofMPsegments=\count102
\nofMParguments=\count103
\everyMPshowfont=\toks17
\MPscratchCnt=\count104
\MPscratchDim=\dimen118
\MPnumerator=\count105
\makeMPintoPDFobject=\count106
\everyMPtoPDFconversion=\toks18
) (/usr/share/texlive/texmf-dist/tex/latex/oberdiek/epstopdf-base.sty
Package: epstopdf-base 2016/05/15 v2.6 Base part for package epstopdf

(/usr/share/texlive/texmf-dist/tex/latex/oberdiek/grfext.sty
Package: grfext 2016/05/16 v1.2 Manage graphics extensions (HO)
)
Package epstopdf-base Info: Redefining graphics rule for `.eps' on input line 4
38.
Package grfext Info: Graphics extension search list:
(grfext)             [.pdf,.png,.jpg,.mps,.jpeg,.jbig2,.jb2,.PDF,.PNG,.JPG,.JPE
G,.JBIG2,.JB2,.eps]
(grfext)             \AppendGraphicsExtensions on input line 456.

(/usr/share/texlive/texmf-dist/tex/latex/latexconfig/epstopdf-sys.cfg
File: epstopdf-sys.cfg 2010/07/13 v1.3 Configuration of (r)epstopdf for TeX Liv
e
))
\AtBeginShipoutBox=\box29

(/usr/share/texlive/texmf-dist/tex/latex/graphics/color.sty
Package: color 2016/07/10 v1.1e Standard LaTeX Color (DPC)

(/usr/share/texlive/texmf-dist/tex/latex/graphics-cfg/color.cfg
File: color.cfg 2016/01/02 v1.6 sample color configuration
)
Package color Info: Driver file: pdftex.def on input line 147.
)
Package hyperref Info: Link coloring ON on input line 24.

(/usr/share/texlive/texmf-dist/tex/latex/hyperref/nameref.sty
Package: nameref 2016/05/21 v2.44 Cross-referencing by name of section

(/usr/share/texlive/texmf-dist/tex/generic/oberdiek/gettitlestring.sty
Package: gettitlestring 2016/05/16 v1.5 Cleanup title references (HO)
)
\c@section@level=\count107
)
LaTeX Info: Redefining \ref on input line 24.
LaTeX Info: Redefining \pageref on input line 24.
LaTeX Info: Redefining \nameref on input line 24.

(./quick_start.out) (./quick_start.out)
\@outlinefile=\write3
\openout3 = `quick_start.out'.

Package caption Info: Begin \AtBeginDocument code.
Package caption Info: End \AtBeginDocument code.
<../manual/figs/3dots.png, id=5, 26.34843pt x 25.59563pt>
File: ../manual/figs/3dots.png Graphic file (type png)
<use ../manual/figs/3dots.png>
Package pdftex.def Info: ../manual/figs/3dots.png  used on input line 140.
(pdftex.def)             Requested size: 14.22636pt x 13.82025pt.
<../manual/figs/exec.png, id=7, 61.73062pt x 26.34843pt>
File: ../manual/figs/exec.png Graphic file (type png)
<use ../manual/figs/exec.png>
Package pdftex.def Info: ../manual/figs/exec.png  used on input line 147.
(pdftex.def)             Requested size: 19.91684pt x 8.50122pt.

Underfull \hbox (badness 10000) in paragraph at lines 147--147

 []

File: ../manual/figs/exec.png Graphic file (type png)
<use ../manual/figs/exec.png>
Package pdftex.def Info: ../manual/figs/exec.png  used on input line 151.
(pdftex.def)             Requested size: 19.91684pt x 8.50122pt.

Underfull \hbox (badness 10000) in paragraph at lines 151--151

 []

File: ../manual/figs/exec.png Graphic file (type png)
<use ../manual/figs/exec.png>
Package pdftex.def Info: ../manual/figs/exec.png  used on input line 161.
(pdftex.def)             Requested size: 19.91684pt x 8.50122pt.

Underfull \hbox (badness 10000) in paragraph at lines 161--161

 []

File: ../manual/figs/exec.png Graphic file (type png)
<use ../manual/figs/exec.png>
Package pdftex.def Info: ../manual/figs/exec.png  used on input line 167.
(pdftex.def)             Requested size: 19.91684pt x 8.50122pt.

Underfull \hbox (badness 10000) in paragraph at lines 167--167

 []


Overfull \hbox (21.03342pt too wide) in paragraph at lines 165--168
[]\OT1/cmr/m/n/10 To com-pute the molec-u-lar den-sity de-for-ma-tions, in-stea
d of full den-sity, check the \OT1/cmtt/m/n/10 Density deformations
 []

File: ../manual/figs/exec.png Graphic file (type png)
<use ../manual/figs/exec.png>
Package pdftex.def Info: ../manual/figs/exec.png  used on input line 170.
(pdftex.def)             Requested size: 19.91684pt x 8.50122pt.

Underfull \hbox (badness 10000) in paragraph at lines 170--170

 []

File: ../manual/figs/exec.png Graphic file (type png)
<use ../manual/figs/exec.png>
Package pdftex.def Info: ../manual/figs/exec.png  used on input line 175.
(pdftex.def)             Requested size: 19.91684pt x 8.50122pt.

Underfull \hbox (badness 10000) in paragraph at lines 175--175

 []

File: ../manual/figs/exec.png Graphic file (type png)
<use ../manual/figs/exec.png>
Package pdftex.def Info: ../manual/figs/exec.png  used on input line 178.
(pdftex.def)             Requested size: 19.91684pt x 8.50122pt.

Underfull \hbox (badness 10000) in paragraph at lines 178--178

 []

File: ../manual/figs/3dots.png Graphic file (type png)
<use ../manual/figs/3dots.png>
Package pdftex.def Info: ../manual/figs/3dots.png  used on input line 182.
(pdftex.def)             Requested size: 14.22636pt x 13.82025pt.
File: ../manual/figs/exec.png Graphic file (type png)
<use ../manual/figs/exec.png>
Package pdftex.def Info: ../manual/figs/exec.png  used on input line 186.
(pdftex.def)             Requested size: 19.91684pt x 8.50122pt.

Underfull \hbox (badness 10000) in paragraph at lines 186--186

 []

File: ../manual/figs/exec.png Graphic file (type png)
<use ../manual/figs/exec.png>
Package pdftex.def Info: ../manual/figs/exec.png  used on input line 191.
(pdftex.def)             Requested size: 19.91684pt x 8.50122pt.

Underfull \hbox (badness 10000) in paragraph at lines 191--191

 []

File: ../manual/figs/exec.png Graphic file (type png)
<use ../manual/figs/exec.png>
Package pdftex.def Info: ../manual/figs/exec.png  used on input line 194.
(pdftex.def)             Requested size: 19.91684pt x 8.50122pt.

Underfull \hbox (badness 10000) in paragraph at lines 194--194

 []

File: ../manual/figs/3dots.png Graphic file (type png)
<use ../manual/figs/3dots.png>
Package pdftex.def Info: ../manual/figs/3dots.png  used on input line 198.
(pdftex.def)             Requested size: 14.22636pt x 13.82025pt.
File: ../manual/figs/exec.png Graphic file (type png)
<use ../manual/figs/exec.png>
Package pdftex.def Info: ../manual/figs/exec.png  used on input line 201.
(pdftex.def)             Requested size: 19.91684pt x 8.50122pt.

Underfull \hbox (badness 10000) in paragraph at lines 201--201

 []

File: ../manual/figs/exec.png Graphic file (type png)
<use ../manual/figs/exec.png>
Package pdftex.def Info: ../manual/figs/exec.png  used on input line 205.
(pdftex.def)             Requested size: 19.91684pt x 8.50122pt.

Underfull \hbox (badness 10000) in paragraph at lines 205--205

 []

File: ../manual/figs/exec.png Graphic file (type png)
<use ../manual/figs/exec.png>
Package pdftex.def Info: ../manual/figs/exec.png  used on input line 209.
(pdftex.def)             Requested size: 19.91684pt x 8.50122pt.

Underfull \hbox (badness 10000) in paragraph at lines 209--209

 []

[1

{/var/lib/texmf/fonts/map/pdftex/updmap/pdftex.map} <../manual/figs/3dots.png> 
<../manual/figs/exec.png>]
File: ../manual/figs/exec.png Graphic file (type png)
<use ../manual/figs/exec.png>
Package pdftex.def Info: ../manual/figs/exec.png  used on input line 217.
(pdftex.def)             Requested size: 19.91684pt x 8.50122pt.

Underfull \hbox (badness 10000) in paragraph at lines 217--217

 []

LaTeX Font Info:    External font `cmex10' loaded for size
(Font)              <7> on input line 221.
LaTeX Font Info:    External font `cmex10' loaded for size
(Font)              <5> on input line 221.
File: ../manual/figs/exec.png Graphic file (type png)
<use ../manual/figs/exec.png>
Package pdftex.def Info: ../manual/figs/exec.png  used on input line 223.
(pdftex.def)             Requested size: 19.91684pt x 8.50122pt.

Underfull \hbox (badness 10000) in paragraph at lines 223--223

 []

File: ../manual/figs/exec.png Graphic file (type png)
<use ../manual/figs/exec.png>
Package pdftex.def Info: ../manual/figs/exec.png  used on input line 228.
(pdftex.def)             Requested size: 19.91684pt x 8.50122pt.

Underfull \hbox (badness 10000) in paragraph at lines 228--228

 []

File: ../manual/figs/exec.png Graphic file (type png)
<use ../manual/figs/exec.png>
Package pdftex.def Info: ../manual/figs/exec.png  used on input line 231.
(pdftex.def)             Requested size: 19.91684pt x 8.50122pt.

Underfull \hbox (badness 10000) in paragraph at lines 231--231

 []

File: ../manual/figs/3dots.png Graphic file (type png)
<use ../manual/figs/3dots.png>
Package pdftex.def Info: ../manual/figs/3dots.png  used on input line 234.
(pdftex.def)             Requested size: 14.22636pt x 13.82025pt.
File: ../manual/figs/exec.png Graphic file (type png)
<use ../manual/figs/exec.png>
Package pdftex.def Info: ../manual/figs/exec.png  used on input line 236.
(pdftex.def)             Requested size: 19.91684pt x 8.50122pt.

Underfull \hbox (badness 10000) in paragraph at lines 236--236

 []

File: ../manual/figs/3dots.png Graphic file (type png)
<use ../manual/figs/3dots.png>
Package pdftex.def Info: ../manual/figs/3dots.png  used on input line 249.
(pdftex.def)             Requested size: 14.22636pt x 13.82025pt.
File: ../manual/figs/3dots.png Graphic file (type png)
<use ../manual/figs/3dots.png>
Package pdftex.def Info: ../manual/figs/3dots.png  used on input line 255.
(pdftex.def)             Requested size: 14.22636pt x 13.82025pt.
[2]
Overfull \hbox (8.17018pt too wide) in paragraph at lines 311--318
[]\OT1/cmr/m/n/10 Press but-ton \OT1/cmtt/m/n/10 Goemetry measures\OT1/cmr/m/n/
10 , choose \OT1/cmtt/m/n/10 Distances \OT1/cmr/m/n/10 and check \OT1/cmtt/m/n/
10 Show/hide distances in a window
 []

[3] [4]
<./figs/damqt_QS_fig1.png, id=206, 398.59685pt x 280.74115pt>
File: ./figs/damqt_QS_fig1.png Graphic file (type png)
<use ./figs/damqt_QS_fig1.png>
Package pdftex.def Info: ./figs/damqt_QS_fig1.png  used on input line 436.
(pdftex.def)             Requested size: 194.61488pt x 137.07173pt.
<./figs/damqt_QS_fig2.png, id=207, 1100.72769pt x 580.3837pt>
File: ./figs/damqt_QS_fig2.png Graphic file (type png)
<use ./figs/damqt_QS_fig2.png>
Package pdftex.def Info: ./figs/damqt_QS_fig2.png  used on input line 444.
(pdftex.def)             Requested size: 216.24023pt x 114.01125pt.
<./figs/damqt_QS_fig3.png, id=208, 1071.26376pt x 579.82777pt>
File: ./figs/damqt_QS_fig3.png Graphic file (type png)
<use ./figs/damqt_QS_fig3.png>
Package pdftex.def Info: ./figs/damqt_QS_fig3.png  used on input line 453.
(pdftex.def)             Requested size: 216.24023pt x 117.03404pt.
<./figs/damqt_QS_fig4.png, id=209, 1086.2737pt x 579.82777pt>
File: ./figs/damqt_QS_fig4.png Graphic file (type png)
<use ./figs/damqt_QS_fig4.png>
Package pdftex.def Info: ./figs/damqt_QS_fig4.png  used on input line 461.
(pdftex.def)             Requested size: 216.24023pt x 115.4238pt.

Overfull \hbox (17.22221pt too wide) in paragraph at lines 449--465
[]$[]$ $[]$ 
 []

<./figs/damqt_QS_fig5.png, id=210, 1122.40869pt x 579.82777pt>
File: ./figs/damqt_QS_fig5.png Graphic file (type png)
<use ./figs/damqt_QS_fig5.png>
Package pdftex.def Info: ./figs/damqt_QS_fig5.png  used on input line 470.
(pdftex.def)             Requested size: 216.24023pt x 111.70787pt.
<./figs/damqt_QS_fig6.png, id=211, 1065.14862pt x 580.3837pt>
File: ./figs/damqt_QS_fig6.png Graphic file (type png)
<use ./figs/damqt_QS_fig6.png>
Package pdftex.def Info: ./figs/damqt_QS_fig6.png  used on input line 478.
(pdftex.def)             Requested size: 216.24023pt x 117.81929pt.

Overfull \hbox (17.22221pt too wide) in paragraph at lines 466--482
[]$[]$ $[]$ 
 []

<./figs/damqt_QS_fig7.png, id=212, 1068.48416pt x 580.3837pt>
File: ./figs/damqt_QS_fig7.png Graphic file (type png)
<use ./figs/damqt_QS_fig7.png>
Package pdftex.def Info: ./figs/damqt_QS_fig7.png  used on input line 487.
(pdftex.def)             Requested size: 216.24023pt x 117.45619pt.
<./figs/damqt_QS_fig8.png, id=213, 1067.37231pt x 578.16pt>
File: ./figs/damqt_QS_fig8.png Graphic file (type png)
<use ./figs/damqt_QS_fig8.png>
Package pdftex.def Info: ./figs/damqt_QS_fig8.png  used on input line 495.
(pdftex.def)             Requested size: 216.24023pt x 117.12968pt.

Overfull \hbox (17.22221pt too wide) in paragraph at lines 483--499
[]$[]$ $[]$ 
 []

[5 <./figs/damqt_QS_fig1.png (PNG copy)> <./figs/damqt_QS_fig2.png (PNG copy)> 
<./figs/damqt_QS_fig3.png (PNG copy)> <./figs/damqt_QS_fig4.png (PNG copy)> <./
figs/damqt_QS_fig5.png (PNG copy)> <./figs/damqt_QS_fig6.png (PNG copy)>]
<./figs/damqt_QS_fig9.png, id=218, 1067.92824pt x 580.93962pt>
File: ./figs/damqt_QS_fig9.png Graphic file (type png)
<use ./figs/damqt_QS_fig9.png>
Package pdftex.def Info: ./figs/damqt_QS_fig9.png  used on input line 504.
(pdftex.def)             Requested size: 216.24023pt x 117.63075pt.
<./figs/damqt_QS_fig10.png, id=219, 1067.37231pt x 579.82777pt>
File: ./figs/damqt_QS_fig10.png Graphic file (type png)
<use ./figs/damqt_QS_fig10.png>
Package pdftex.def Info: ./figs/damqt_QS_fig10.png  used on input line 512.
(pdftex.def)             Requested size: 216.24023pt x 117.46756pt.

Overfull \hbox (17.22221pt too wide) in paragraph at lines 500--516
[]$[]$ $[]$ 
 []

<./figs/damqt_QS_fig11.png, id=220, 1069.04007pt x 580.93962pt>
File: ./figs/damqt_QS_fig11.png Graphic file (type png)
<use ./figs/damqt_QS_fig11.png>
Package pdftex.def Info: ./figs/damqt_QS_fig11.png  used on input line 521.
(pdftex.def)             Requested size: 216.24023pt x 117.50665pt.
<./figs/damqt_QS_fig12.png, id=221, 1066.81639pt x 573.71262pt>
File: ./figs/damqt_QS_fig12.png Graphic file (type png)
<use ./figs/damqt_QS_fig12.png>
Package pdftex.def Info: ./figs/damqt_QS_fig12.png  used on input line 529.
(pdftex.def)             Requested size: 216.24023pt x 116.28122pt.

Overfull \hbox (17.22221pt too wide) in paragraph at lines 517--533
[]$[]$ $[]$ 
 []

<./figs/damqt_QS_fig13.png, id=222, 1067.37231pt x 580.93962pt>
File: ./figs/damqt_QS_fig13.png Graphic file (type png)
<use ./figs/damqt_QS_fig13.png>
Package pdftex.def Info: ./figs/damqt_QS_fig13.png  used on input line 538.
(pdftex.def)             Requested size: 216.24023pt x 117.69281pt.
<./figs/damqt_QS_fig14.png, id=223, 1069.04007pt x 580.93962pt>
File: ./figs/damqt_QS_fig14.png Graphic file (type png)
<use ./figs/damqt_QS_fig14.png>
Package pdftex.def Info: ./figs/damqt_QS_fig14.png  used on input line 546.
(pdftex.def)             Requested size: 216.24023pt x 117.50665pt.

Overfull \hbox (17.22221pt too wide) in paragraph at lines 534--550
[]$[]$ $[]$ 
 []

[6 <./figs/damqt_QS_fig7.png (PNG copy)> <./figs/damqt_QS_fig8.png (PNG copy)> 
<./figs/damqt_QS_fig9.png (PNG copy)> <./figs/damqt_QS_fig10.png (PNG copy)> <.
/figs/damqt_QS_fig11.png (PNG copy)> <./figs/damqt_QS_fig12.png (PNG copy)>]
<./figs/damqt_QS_fig15.png, id=228, 1067.92824pt x 579.82777pt>
File: ./figs/damqt_QS_fig15.png Graphic file (type png)
<use ./figs/damqt_QS_fig15.png>
Package pdftex.def Info: ./figs/damqt_QS_fig15.png  used on input line 555.
(pdftex.def)             Requested size: 216.24023pt x 117.40562pt.
<./figs/damqt_QS_fig16.png, id=229, 1069.04007pt x 580.93962pt>
File: ./figs/damqt_QS_fig16.png Graphic file (type png)
<use ./figs/damqt_QS_fig16.png>
Package pdftex.def Info: ./figs/damqt_QS_fig16.png  used on input line 563.
(pdftex.def)             Requested size: 216.24023pt x 117.50665pt.

Overfull \hbox (17.22221pt too wide) in paragraph at lines 551--567
[]$[]$ $[]$ 
 []

<./figs/damqt_QS_fig17.png, id=230, 1067.37231pt x 580.3837pt>
File: ./figs/damqt_QS_fig17.png Graphic file (type png)
<use ./figs/damqt_QS_fig17.png>
Package pdftex.def Info: ./figs/damqt_QS_fig17.png  used on input line 572.
(pdftex.def)             Requested size: 216.24023pt x 117.58018pt.
<./figs/damqt_QS_fig18.png, id=231, 1064.5927pt x 579.82777pt>
File: ./figs/damqt_QS_fig18.png Graphic file (type png)
<use ./figs/damqt_QS_fig18.png>
Package pdftex.def Info: ./figs/damqt_QS_fig18.png  used on input line 580.
(pdftex.def)             Requested size: 216.24023pt x 117.76837pt.

Overfull \hbox (17.22221pt too wide) in paragraph at lines 568--584
[]$[]$ $[]$ 
 []

<./figs/damqt_QS_fig19.png, id=232, 1067.37231pt x 580.3837pt>
File: ./figs/damqt_QS_fig19.png Graphic file (type png)
<use ./figs/damqt_QS_fig19.png>
Package pdftex.def Info: ./figs/damqt_QS_fig19.png  used on input line 589.
(pdftex.def)             Requested size: 216.24023pt x 117.58018pt.
<./figs/damqt_QS_fig20.png, id=233, 1066.81639pt x 579.27185pt>
File: ./figs/damqt_QS_fig20.png Graphic file (type png)
<use ./figs/damqt_QS_fig20.png>
Package pdftex.def Info: ./figs/damqt_QS_fig20.png  used on input line 597.
(pdftex.def)             Requested size: 216.24023pt x 117.40797pt.

Overfull \hbox (17.22221pt too wide) in paragraph at lines 585--601
[]$[]$ $[]$ 
 []

[7 <./figs/damqt_QS_fig13.png (PNG copy)> <./figs/damqt_QS_fig14.png (PNG copy)
> <./figs/damqt_QS_fig15.png (PNG copy)> <./figs/damqt_QS_fig16.png (PNG copy)>
 <./figs/damqt_QS_fig17.png (PNG copy)> <./figs/damqt_QS_fig18.png (PNG copy)>]
<./figs/damqt_QS_fig21.png, id=239, 1067.37231pt x 581.49554pt>
File: ./figs/damqt_QS_fig21.png Graphic file (type png)
<use ./figs/damqt_QS_fig21.png>
Package pdftex.def Info: ./figs/damqt_QS_fig21.png  used on input line 606.
(pdftex.def)             Requested size: 216.24023pt x 117.80544pt.
<./figs/damqt_QS_fig22.png, id=240, 1066.81639pt x 578.71593pt>
File: ./figs/damqt_QS_fig22.png Graphic file (type png)
<use ./figs/damqt_QS_fig22.png>
Package pdftex.def Info: ./figs/damqt_QS_fig22.png  used on input line 614.
(pdftex.def)             Requested size: 216.24023pt x 117.29529pt.

Overfull \hbox (17.22221pt too wide) in paragraph at lines 602--618
[]$[]$ $[]$ 
 []

<./figs/damqt_QS_fig23.png, id=241, 1066.26047pt x 578.16pt>
File: ./figs/damqt_QS_fig23.png Graphic file (type png)
<use ./figs/damqt_QS_fig23.png>
Package pdftex.def Info: ./figs/damqt_QS_fig23.png  used on input line 623.
(pdftex.def)             Requested size: 216.24023pt x 117.24437pt.
<./figs/damqt_QS_fig24.png, id=242, 1066.26047pt x 580.3837pt>
File: ./figs/damqt_QS_fig24.png Graphic file (type png)
<use ./figs/damqt_QS_fig24.png>
Package pdftex.def Info: ./figs/damqt_QS_fig24.png  used on input line 631.
(pdftex.def)             Requested size: 216.24023pt x 117.69531pt.

Overfull \hbox (17.22221pt too wide) in paragraph at lines 619--635
[]$[]$ $[]$ 
 []

<./figs/damqt_QS_fig25.png, id=243, 732.70662pt x 447.51808pt>
File: ./figs/damqt_QS_fig25.png Graphic file (type png)
<use ./figs/damqt_QS_fig25.png>
Package pdftex.def Info: ./figs/damqt_QS_fig25.png  used on input line 640.
(pdftex.def)             Requested size: 216.24023pt x 132.0713pt.
<./figs/damqt_QS_fig26.png, id=244, 1067.37231pt x 579.82777pt>
File: ./figs/damqt_QS_fig26.png Graphic file (type png)
<use ./figs/damqt_QS_fig26.png>
Package pdftex.def Info: ./figs/damqt_QS_fig26.png  used on input line 648.
(pdftex.def)             Requested size: 216.24023pt x 117.46756pt.

Overfull \hbox (17.22221pt too wide) in paragraph at lines 636--652
[]$[]$ $[]$ 
 []

[8 <./figs/damqt_QS_fig19.png (PNG copy)> <./figs/damqt_QS_fig20.png (PNG copy)
> <./figs/damqt_QS_fig21.png (PNG copy)> <./figs/damqt_QS_fig22.png (PNG copy)>
 <./figs/damqt_QS_fig23.png (PNG copy)> <./figs/damqt_QS_fig24.png (PNG copy)>]
<./figs/damqt_QS_fig27.png, id=249, 1067.92824pt x 580.93962pt>
File: ./figs/damqt_QS_fig27.png Graphic file (type png)
<use ./figs/damqt_QS_fig27.png>
Package pdftex.def Info: ./figs/damqt_QS_fig27.png  used on input line 657.
(pdftex.def)             Requested size: 216.24023pt x 117.63075pt.
<./figs/damqt_QS_fig28.png, id=250, 1065.70454pt x 579.27185pt>
File: ./figs/damqt_QS_fig28.png Graphic file (type png)
<use ./figs/damqt_QS_fig28.png>
Package pdftex.def Info: ./figs/damqt_QS_fig28.png  used on input line 665.
(pdftex.def)             Requested size: 216.24023pt x 117.54056pt.

Overfull \hbox (17.22221pt too wide) in paragraph at lines 653--669
[]$[]$ $[]$ 
 []

<./figs/damqt_QS_fig29.png, id=251, 732.1507pt x 449.18585pt>
File: ./figs/damqt_QS_fig29.png Graphic file (type png)
<use ./figs/damqt_QS_fig29.png>
Package pdftex.def Info: ./figs/damqt_QS_fig29.png  used on input line 674.
(pdftex.def)             Requested size: 202.58347pt x 124.28386pt.
<./figs/damqt_QS_fig30.png, id=252, 560.92639pt x 303.534pt>
File: ./figs/damqt_QS_fig30.png Graphic file (type png)
<use ./figs/damqt_QS_fig30.png>
Package pdftex.def Info: ./figs/damqt_QS_fig30.png  used on input line 682.
(pdftex.def)             Requested size: 227.62204pt x 123.17143pt.

Overfull \hbox (17.22221pt too wide) in paragraph at lines 670--686
[]$[]$ $[]$ 
 []

<./figs/damqt_QS_fig31.png, id=253, 562.03822pt x 302.97807pt>
File: ./figs/damqt_QS_fig31.png Graphic file (type png)
<use ./figs/damqt_QS_fig31.png>
Package pdftex.def Info: ./figs/damqt_QS_fig31.png  used on input line 691.
(pdftex.def)             Requested size: 216.24023pt x 116.56601pt.
<./figs/damqt_QS_fig32.png, id=254, 562.03822pt x 302.97807pt>
File: ./figs/damqt_QS_fig32.png Graphic file (type png)
<use ./figs/damqt_QS_fig32.png>
Package pdftex.def Info: ./figs/damqt_QS_fig32.png  used on input line 699.
(pdftex.def)             Requested size: 216.24023pt x 116.56601pt.

Overfull \hbox (17.22221pt too wide) in paragraph at lines 687--703
[]$[]$ $[]$ 
 []

[9 <./figs/damqt_QS_fig25.png (PNG copy)> <./figs/damqt_QS_fig26.png (PNG copy)
> <./figs/damqt_QS_fig27.png (PNG copy)> <./figs/damqt_QS_fig28.png (PNG copy)>
 <./figs/damqt_QS_fig29.png (PNG copy)> <./figs/damqt_QS_fig30.png (PNG copy)>]
<./figs/damqt_QS_fig33.png, id=259, 562.03822pt x 302.42215pt>
File: ./figs/damqt_QS_fig33.png Graphic file (type png)
<use ./figs/damqt_QS_fig33.png>
Package pdftex.def Info: ./figs/damqt_QS_fig33.png  used on input line 708.
(pdftex.def)             Requested size: 216.24023pt x 116.35213pt.
<./figs/damqt_QS_fig34.png, id=260, 563.15007pt x 304.64584pt>
File: ./figs/damqt_QS_fig34.png Graphic file (type png)
<use ./figs/damqt_QS_fig34.png>
Package pdftex.def Info: ./figs/damqt_QS_fig34.png  used on input line 716.
(pdftex.def)             Requested size: 216.24023pt x 116.97987pt.

Overfull \hbox (17.22221pt too wide) in paragraph at lines 704--720
[]$[]$ $[]$ 
 []

<./figs/damqt_QS_fig35.png, id=261, 732.1507pt x 449.74178pt>
File: ./figs/damqt_QS_fig35.png Graphic file (type png)
<use ./figs/damqt_QS_fig35.png>
Package pdftex.def Info: ./figs/damqt_QS_fig35.png  used on input line 725.
(pdftex.def)             Requested size: 216.24023pt x 132.8305pt.
<./figs/damqt_QS_fig36.png, id=262, 732.1507pt x 449.74178pt>
File: ./figs/damqt_QS_fig36.png Graphic file (type png)
<use ./figs/damqt_QS_fig36.png>
Package pdftex.def Info: ./figs/damqt_QS_fig36.png  used on input line 733.
(pdftex.def)             Requested size: 216.24023pt x 132.8305pt.

Overfull \hbox (17.22221pt too wide) in paragraph at lines 721--737
[]$[]$ $[]$ 
 []

<./figs/damqt_QS_fig37.png, id=263, 1083.4854pt x 578.16pt>
File: ./figs/damqt_QS_fig37.png Graphic file (type png)
<use ./figs/damqt_QS_fig37.png>
Package pdftex.def Info: ./figs/damqt_QS_fig37.png  used on input line 742.
(pdftex.def)             Requested size: 216.24023pt x 115.38293pt.
<./figs/damqt_QS_fig38.png, id=264, 1082.35617pt x 577.60408pt>
File: ./figs/damqt_QS_fig38.png Graphic file (type png)
<use ./figs/damqt_QS_fig38.png>
Package pdftex.def Info: ./figs/damqt_QS_fig38.png  used on input line 750.
(pdftex.def)             Requested size: 216.24023pt x 115.39537pt.

Overfull \hbox (17.22221pt too wide) in paragraph at lines 738--754
[]$[]$ $[]$ 
 []

[10 <./figs/damqt_QS_fig31.png (PNG copy)> <./figs/damqt_QS_fig32.png (PNG copy
)> <./figs/damqt_QS_fig33.png (PNG copy)> <./figs/damqt_QS_fig34.png (PNG copy)
> <./figs/damqt_QS_fig35.png (PNG copy)> <./figs/damqt_QS_fig36.png (PNG copy)>
]
<./figs/damqt_QS_fig39.png, id=269, 593.96906pt x 327.99461pt>
File: ./figs/damqt_QS_fig39.png Graphic file (type png)
<use ./figs/damqt_QS_fig39.png>
Package pdftex.def Info: ./figs/damqt_QS_fig39.png  used on input line 759.
(pdftex.def)             Requested size: 216.24023pt x 119.40924pt.
<./figs/damqt_QS_fig40.png, id=270, 826.58812pt x 512.56108pt>
File: ./figs/damqt_QS_fig40.png Graphic file (type png)
<use ./figs/damqt_QS_fig40.png>
Package pdftex.def Info: ./figs/damqt_QS_fig40.png  used on input line 767.
(pdftex.def)             Requested size: 216.24023pt x 134.08394pt.

Overfull \hbox (17.22221pt too wide) in paragraph at lines 755--771
[]$[]$ $[]$ 
 []

<./figs/damqt_QS_fig41.png, id=271, 1066.26047pt x 579.82777pt>
File: ./figs/damqt_QS_fig41.png Graphic file (type png)
<use ./figs/damqt_QS_fig41.png>
Package pdftex.def Info: ./figs/damqt_QS_fig41.png  used on input line 776.
(pdftex.def)             Requested size: 216.24023pt x 117.58258pt.
<./figs/damqt_QS_fig42.png, id=272, 1067.37231pt x 580.93962pt>
File: ./figs/damqt_QS_fig42.png Graphic file (type png)
<use ./figs/damqt_QS_fig42.png>
Package pdftex.def Info: ./figs/damqt_QS_fig42.png  used on input line 784.
(pdftex.def)             Requested size: 216.24023pt x 117.69281pt.

Overfull \hbox (17.22221pt too wide) in paragraph at lines 772--788
[]$[]$ $[]$ 
 []

<./figs/damqt_QS_fig43.png, id=273, 1066.26047pt x 581.49554pt>
File: ./figs/damqt_QS_fig43.png Graphic file (type png)
<use ./figs/damqt_QS_fig43.png>
Package pdftex.def Info: ./figs/damqt_QS_fig43.png  used on input line 793.
(pdftex.def)             Requested size: 216.24023pt x 117.92078pt.
<./figs/damqt_QS_fig44.png, id=274, 1067.92824pt x 579.82777pt>
File: ./figs/damqt_QS_fig44.png Graphic file (type png)
<use ./figs/damqt_QS_fig44.png>
Package pdftex.def Info: ./figs/damqt_QS_fig44.png  used on input line 801.
(pdftex.def)             Requested size: 216.24023pt x 117.40562pt.

Overfull \hbox (17.22221pt too wide) in paragraph at lines 789--805
[]$[]$ $[]$ 
 []

[11 <./figs/damqt_QS_fig37.png (PNG copy)> <./figs/damqt_QS_fig38.png (PNG copy
)> <./figs/damqt_QS_fig39.png (PNG copy)> <./figs/damqt_QS_fig40.png (PNG copy)
> <./figs/damqt_QS_fig41.png (PNG copy)> <./figs/damqt_QS_fig42.png (PNG copy)>
]
<./figs/damqt_QS_fig45.png, id=279, 1084.05pt x 579.82777pt>
File: ./figs/damqt_QS_fig45.png Graphic file (type png)
<use ./figs/damqt_QS_fig45.png>
Package pdftex.def Info: ./figs/damqt_QS_fig45.png  used on input line 810.
(pdftex.def)             Requested size: 216.24023pt x 115.65384pt.
<./figs/damqt_QS_fig46.png, id=280, 1082.92078pt x 578.16pt>
File: ./figs/damqt_QS_fig46.png Graphic file (type png)
<use ./figs/damqt_QS_fig46.png>
Package pdftex.def Info: ./figs/damqt_QS_fig46.png  used on input line 818.
(pdftex.def)             Requested size: 216.24023pt x 115.44469pt.

Overfull \hbox (17.22221pt too wide) in paragraph at lines 806--822
[]$[]$ $[]$ 
 []

<./figs/damqt_QS_fig47.png, id=281, 1083.4854pt x 579.82777pt>
File: ./figs/damqt_QS_fig47.png Graphic file (type png)
<use ./figs/damqt_QS_fig47.png>
Package pdftex.def Info: ./figs/damqt_QS_fig47.png  used on input line 827.
(pdftex.def)             Requested size: 216.24023pt x 115.71576pt.
<./figs/damqt_QS_fig48.png, id=282, 1082.35617pt x 578.71593pt>
File: ./figs/damqt_QS_fig48.png Graphic file (type png)
<use ./figs/damqt_QS_fig48.png>
Package pdftex.def Info: ./figs/damqt_QS_fig48.png  used on input line 835.
(pdftex.def)             Requested size: 216.24023pt x 115.61751pt.

Overfull \hbox (17.22221pt too wide) in paragraph at lines 823--839
[]$[]$ $[]$ 
 []

<./figs/damqt_QS_fig49_b.png, id=283, 826.02351pt x 510.33739pt>
File: ./figs/damqt_QS_fig49_b.png Graphic file (type png)
<use ./figs/damqt_QS_fig49_b.png>
Package pdftex.def Info: ./figs/damqt_QS_fig49_b.png  used on input line 844.
(pdftex.def)             Requested size: 216.24023pt x 133.59567pt.
<./figs/damqt_QS_fig50_b.png, id=284, 825.45891pt x 512.00516pt>
File: ./figs/damqt_QS_fig50_b.png Graphic file (type png)
<use ./figs/damqt_QS_fig50_b.png>
Package pdftex.def Info: ./figs/damqt_QS_fig50_b.png  used on input line 852.
(pdftex.def)             Requested size: 216.24023pt x 134.126pt.

Overfull \hbox (17.22221pt too wide) in paragraph at lines 840--856
[]$[]$ $[]$ 
 []

[12 <./figs/damqt_QS_fig43.png (PNG copy)> <./figs/damqt_QS_fig44.png (PNG copy
)> <./figs/damqt_QS_fig45.png (PNG copy)> <./figs/damqt_QS_fig46.png (PNG copy)
> <./figs/damqt_QS_fig47.png (PNG copy)> <./figs/damqt_QS_fig48.png (PNG copy)>
]
<./figs/damqt_QS_fig51_b.png, id=291, 1083.4854pt x 579.82777pt>
File: ./figs/damqt_QS_fig51_b.png Graphic file (type png)
<use ./figs/damqt_QS_fig51_b.png>
Package pdftex.def Info: ./figs/damqt_QS_fig51_b.png  used on input line 861.
(pdftex.def)             Requested size: 216.24023pt x 115.71576pt.
<./figs/damqt_QS_fig52.png, id=292, 1082.92078pt x 578.16pt>
File: ./figs/damqt_QS_fig52.png Graphic file (type png)
<use ./figs/damqt_QS_fig52.png>
Package pdftex.def Info: ./figs/damqt_QS_fig52.png  used on input line 869.
(pdftex.def)             Requested size: 216.24023pt x 115.44469pt.

Overfull \hbox (17.22221pt too wide) in paragraph at lines 857--873
[]$[]$ $[]$ 
 []

<./figs/damqt_QS_fig53_b.png, id=293, 1082.92078pt x 578.71593pt>
File: ./figs/damqt_QS_fig53_b.png Graphic file (type png)
<use ./figs/damqt_QS_fig53_b.png>
Package pdftex.def Info: ./figs/damqt_QS_fig53_b.png  used on input line 878.
(pdftex.def)             Requested size: 216.24023pt x 115.5557pt.
<./figs/damqt_QS_fig54_b.png, id=294, 1083.4854pt x 579.82777pt>
File: ./figs/damqt_QS_fig54_b.png Graphic file (type png)
<use ./figs/damqt_QS_fig54_b.png>
Package pdftex.def Info: ./figs/damqt_QS_fig54_b.png  used on input line 886.
(pdftex.def)             Requested size: 216.24023pt x 115.71576pt.

Overfull \hbox (17.22221pt too wide) in paragraph at lines 874--890
[]$[]$ $[]$ 
 []

<./figs/damqt_QS_fig55_b.png, id=295, 1083.4854pt x 578.71593pt>
File: ./figs/damqt_QS_fig55_b.png Graphic file (type png)
<use ./figs/damqt_QS_fig55_b.png>
Package pdftex.def Info: ./figs/damqt_QS_fig55_b.png  used on input line 895.
(pdftex.def)             Requested size: 216.24023pt x 115.49388pt.
<./figs/damqt_QS_fig56_b.png, id=296, 1083.4854pt x 579.27185pt>
File: ./figs/damqt_QS_fig56_b.png Graphic file (type png)
<use ./figs/damqt_QS_fig56_b.png>
Package pdftex.def Info: ./figs/damqt_QS_fig56_b.png  used on input line 903.
(pdftex.def)             Requested size: 216.24023pt x 115.60481pt.

Overfull \hbox (17.22221pt too wide) in paragraph at lines 891--907
[]$[]$ $[]$ 
 []

[13 <./figs/damqt_QS_fig49_b.png> <./figs/damqt_QS_fig50_b.png> <./figs/damqt_Q
S_fig51_b.png> <./figs/damqt_QS_fig52.png (PNG copy)> <./figs/damqt_QS_fig53_b.
png> <./figs/damqt_QS_fig54_b.png>]
<./figs/damqt_QS_fig57_b.png, id=304, 1082.35617pt x 580.3837pt>
File: ./figs/damqt_QS_fig57_b.png Graphic file (type png)
<use ./figs/damqt_QS_fig57_b.png>
Package pdftex.def Info: ./figs/damqt_QS_fig57_b.png  used on input line 912.
(pdftex.def)             Requested size: 216.24023pt x 115.95068pt.
<./figs/damqt_QS_fig58_b.png, id=305, 1084.05pt x 579.82777pt>
File: ./figs/damqt_QS_fig58_b.png Graphic file (type png)
<use ./figs/damqt_QS_fig58_b.png>
Package pdftex.def Info: ./figs/damqt_QS_fig58_b.png  used on input line 920.
(pdftex.def)             Requested size: 216.24023pt x 115.65384pt.

Overfull \hbox (17.22221pt too wide) in paragraph at lines 908--924
[]$[]$ $[]$ 
 []

<./figs/damqt_QS_fig59_b.png, id=306, 1083.4854pt x 580.3837pt>
File: ./figs/damqt_QS_fig59_b.png Graphic file (type png)
<use ./figs/damqt_QS_fig59_b.png>
Package pdftex.def Info: ./figs/damqt_QS_fig59_b.png  used on input line 929.
(pdftex.def)             Requested size: 216.24023pt x 115.8267pt.
<./figs/damqt_QS_fig60_b.png, id=307, 1083.4854pt x 578.16pt>
File: ./figs/damqt_QS_fig60_b.png Graphic file (type png)
<use ./figs/damqt_QS_fig60_b.png>
Package pdftex.def Info: ./figs/damqt_QS_fig60_b.png  used on input line 937.
(pdftex.def)             Requested size: 216.24023pt x 115.38293pt.

Overfull \hbox (17.22221pt too wide) in paragraph at lines 925--941
[]$[]$ $[]$ 
 []

Package atveryend Info: Empty hook `BeforeClearDocument' on input line 951.
[14 <./figs/damqt_QS_fig55_b.png> <./figs/damqt_QS_fig56_b.png> <./figs/damqt_Q
S_fig57_b.png> <./figs/damqt_QS_fig58_b.png> <./figs/damqt_QS_fig59_b.png> <./f
igs/damqt_QS_fig60_b.png>]
Package atveryend Info: Empty hook `AfterLastShipout' on input line 951.
 (./quick_start.aux)
Package atveryend Info: Executing hook `AtVeryEndDocument' on input line 951.
Package atveryend Info: Executing hook `AtEndAfterFileList' on input line 951.
Package rerunfilecheck Info: File `quick_start.out' has not changed.
(rerunfilecheck)             Checksum: D41D8CD98F00B204E9800998ECF8427E;0.
Package atveryend Info: Empty hook `AtVeryVeryEnd' on input line 951.
 ) 
Here is how much of TeX's memory you used:
 7130 strings out of 492982
 111851 string characters out of 6134896
 202678 words of memory out of 5000000
 10469 multiletter control sequences out of 15000+600000
 4759 words of font info for 18 fonts, out of 8000000 for 9000
 1141 hyphenation exceptions out of 8191
 36i,8n,39p,241b,419s stack positions out of 5000i,500n,10000p,200000b,80000s
</usr/share/texlive/texmf-dist/fonts/type1/public/amsfonts/cm/cmbx12.pfb></us
r/share/texlive/texmf-dist/fonts/type1/public/amsfonts/cm/cmmi10.pfb></usr/shar
e/texlive/texmf-dist/fonts/type1/public/amsfonts/cm/cmr10.pfb></usr/share/texli
ve/texmf-dist/fonts/type1/public/amsfonts/cm/cmr12.pfb></usr/share/texlive/texm
f-dist/fonts/type1/public/amsfonts/cm/cmr7.pfb></usr/share/texlive/texmf-dist/f
onts/type1/public/amsfonts/cm/cmti10.pfb></usr/share/texlive/texmf-dist/fonts/t
ype1/public/amsfonts/cm/cmtt10.pfb>
Output written on quick_start.pdf (14 pages, 12006334 bytes).
PDF statistics:
 370 PDF objects out of 1000 (max. 8388607)
 274 compressed objects within 3 object streams
 130 named destinations out of 1000 (max. 500000)
 311 words of extra memory for PDF output out of 10000 (max. 10000000)

