This is pdfTeX, Version 3.1415926-2.5-1.40.14 (TeX Live 2013/Mageia) (format=pdflatex 2017.5.28)  11 JUL 2017 13:20
entering extended mode
 restricted \write18 enabled.
 %&-line parsing enabled.
**Making_MSWindows_installer.tex
(./Making_MSWindows_installer.tex
LaTeX2e <2011/06/27>
Babel <3.9f> and hyphenation patterns for 78 languages loaded.
(/usr/share/texmf-dist/tex/latex/base/article.cls
Document Class: article 2007/10/19 v1.4h Standard LaTeX document class
(/usr/share/texmf-dist/tex/latex/base/size10.clo
File: size10.clo 2007/10/19 v1.4h Standard LaTeX file (size option)
)
\c@part=\count79
\c@section=\count80
\c@subsection=\count81
\c@subsubsection=\count82
\c@paragraph=\count83
\c@subparagraph=\count84
\c@figure=\count85
\c@table=\count86
\abovecaptionskip=\skip41
\belowcaptionskip=\skip42
\bibindent=\dimen102
)
(/usr/share/texmf-dist/tex/latex/base/inputenc.sty
Package: inputenc 2008/03/30 v1.1d Input encoding file
\inpenc@prehook=\toks14
\inpenc@posthook=\toks15

(/usr/share/texmf-dist/tex/latex/base/utf8.def
File: utf8.def 2008/04/05 v1.1m UTF-8 support for inputenc
Now handling font encoding OML ...
... no UTF-8 mapping file for font encoding OML
Now handling font encoding T1 ...
... processing UTF-8 mapping file for font encoding T1

(/usr/share/texmf-dist/tex/latex/base/t1enc.dfu
File: t1enc.dfu 2008/04/05 v1.1m UTF-8 support for inputenc
   defining Unicode char U+00A1 (decimal 161)
   defining Unicode char U+00A3 (decimal 163)
   defining Unicode char U+00AB (decimal 171)
   defining Unicode char U+00BB (decimal 187)
   defining Unicode char U+00BF (decimal 191)
   defining Unicode char U+00C0 (decimal 192)
   defining Unicode char U+00C1 (decimal 193)
   defining Unicode char U+00C2 (decimal 194)
   defining Unicode char U+00C3 (decimal 195)
   defining Unicode char U+00C4 (decimal 196)
   defining Unicode char U+00C5 (decimal 197)
   defining Unicode char U+00C6 (decimal 198)
   defining Unicode char U+00C7 (decimal 199)
   defining Unicode char U+00C8 (decimal 200)
   defining Unicode char U+00C9 (decimal 201)
   defining Unicode char U+00CA (decimal 202)
   defining Unicode char U+00CB (decimal 203)
   defining Unicode char U+00CC (decimal 204)
   defining Unicode char U+00CD (decimal 205)
   defining Unicode char U+00CE (decimal 206)
   defining Unicode char U+00CF (decimal 207)
   defining Unicode char U+00D0 (decimal 208)
   defining Unicode char U+00D1 (decimal 209)
   defining Unicode char U+00D2 (decimal 210)
   defining Unicode char U+00D3 (decimal 211)
   defining Unicode char U+00D4 (decimal 212)
   defining Unicode char U+00D5 (decimal 213)
   defining Unicode char U+00D6 (decimal 214)
   defining Unicode char U+00D8 (decimal 216)
   defining Unicode char U+00D9 (decimal 217)
   defining Unicode char U+00DA (decimal 218)
   defining Unicode char U+00DB (decimal 219)
   defining Unicode char U+00DC (decimal 220)
   defining Unicode char U+00DD (decimal 221)
   defining Unicode char U+00DE (decimal 222)
   defining Unicode char U+00DF (decimal 223)
   defining Unicode char U+00E0 (decimal 224)
   defining Unicode char U+00E1 (decimal 225)
   defining Unicode char U+00E2 (decimal 226)
   defining Unicode char U+00E3 (decimal 227)
   defining Unicode char U+00E4 (decimal 228)
   defining Unicode char U+00E5 (decimal 229)
   defining Unicode char U+00E6 (decimal 230)
   defining Unicode char U+00E7 (decimal 231)
   defining Unicode char U+00E8 (decimal 232)
   defining Unicode char U+00E9 (decimal 233)
   defining Unicode char U+00EA (decimal 234)
   defining Unicode char U+00EB (decimal 235)
   defining Unicode char U+00EC (decimal 236)
   defining Unicode char U+00ED (decimal 237)
   defining Unicode char U+00EE (decimal 238)
   defining Unicode char U+00EF (decimal 239)
   defining Unicode char U+00F0 (decimal 240)
   defining Unicode char U+00F1 (decimal 241)
   defining Unicode char U+00F2 (decimal 242)
   defining Unicode char U+00F3 (decimal 243)
   defining Unicode char U+00F4 (decimal 244)
   defining Unicode char U+00F5 (decimal 245)
   defining Unicode char U+00F6 (decimal 246)
   defining Unicode char U+00F8 (decimal 248)
   defining Unicode char U+00F9 (decimal 249)
   defining Unicode char U+00FA (decimal 250)
   defining Unicode char U+00FB (decimal 251)
   defining Unicode char U+00FC (decimal 252)
   defining Unicode char U+00FD (decimal 253)
   defining Unicode char U+00FE (decimal 254)
   defining Unicode char U+00FF (decimal 255)
   defining Unicode char U+0102 (decimal 258)
   defining Unicode char U+0103 (decimal 259)
   defining Unicode char U+0104 (decimal 260)
   defining Unicode char U+0105 (decimal 261)
   defining Unicode char U+0106 (decimal 262)
   defining Unicode char U+0107 (decimal 263)
   defining Unicode char U+010C (decimal 268)
   defining Unicode char U+010D (decimal 269)
   defining Unicode char U+010E (decimal 270)
   defining Unicode char U+010F (decimal 271)
   defining Unicode char U+0110 (decimal 272)
   defining Unicode char U+0111 (decimal 273)
   defining Unicode char U+0118 (decimal 280)
   defining Unicode char U+0119 (decimal 281)
   defining Unicode char U+011A (decimal 282)
   defining Unicode char U+011B (decimal 283)
   defining Unicode char U+011E (decimal 286)
   defining Unicode char U+011F (decimal 287)
   defining Unicode char U+0130 (decimal 304)
   defining Unicode char U+0131 (decimal 305)
   defining Unicode char U+0132 (decimal 306)
   defining Unicode char U+0133 (decimal 307)
   defining Unicode char U+0139 (decimal 313)
   defining Unicode char U+013A (decimal 314)
   defining Unicode char U+013D (decimal 317)
   defining Unicode char U+013E (decimal 318)
   defining Unicode char U+0141 (decimal 321)
   defining Unicode char U+0142 (decimal 322)
   defining Unicode char U+0143 (decimal 323)
   defining Unicode char U+0144 (decimal 324)
   defining Unicode char U+0147 (decimal 327)
   defining Unicode char U+0148 (decimal 328)
   defining Unicode char U+014A (decimal 330)
   defining Unicode char U+014B (decimal 331)
   defining Unicode char U+0150 (decimal 336)
   defining Unicode char U+0151 (decimal 337)
   defining Unicode char U+0152 (decimal 338)
   defining Unicode char U+0153 (decimal 339)
   defining Unicode char U+0154 (decimal 340)
   defining Unicode char U+0155 (decimal 341)
   defining Unicode char U+0158 (decimal 344)
   defining Unicode char U+0159 (decimal 345)
   defining Unicode char U+015A (decimal 346)
   defining Unicode char U+015B (decimal 347)
   defining Unicode char U+015E (decimal 350)
   defining Unicode char U+015F (decimal 351)
   defining Unicode char U+0160 (decimal 352)
   defining Unicode char U+0161 (decimal 353)
   defining Unicode char U+0162 (decimal 354)
   defining Unicode char U+0163 (decimal 355)
   defining Unicode char U+0164 (decimal 356)
   defining Unicode char U+0165 (decimal 357)
   defining Unicode char U+016E (decimal 366)
   defining Unicode char U+016F (decimal 367)
   defining Unicode char U+0170 (decimal 368)
   defining Unicode char U+0171 (decimal 369)
   defining Unicode char U+0178 (decimal 376)
   defining Unicode char U+0179 (decimal 377)
   defining Unicode char U+017A (decimal 378)
   defining Unicode char U+017B (decimal 379)
   defining Unicode char U+017C (decimal 380)
   defining Unicode char U+017D (decimal 381)
   defining Unicode char U+017E (decimal 382)
   defining Unicode char U+200C (decimal 8204)
   defining Unicode char U+2013 (decimal 8211)
   defining Unicode char U+2014 (decimal 8212)
   defining Unicode char U+2018 (decimal 8216)
   defining Unicode char U+2019 (decimal 8217)
   defining Unicode char U+201A (decimal 8218)
   defining Unicode char U+201C (decimal 8220)
   defining Unicode char U+201D (decimal 8221)
   defining Unicode char U+201E (decimal 8222)
   defining Unicode char U+2030 (decimal 8240)
   defining Unicode char U+2031 (decimal 8241)
   defining Unicode char U+2039 (decimal 8249)
   defining Unicode char U+203A (decimal 8250)
   defining Unicode char U+2423 (decimal 9251)
)
Now handling font encoding OT1 ...
... processing UTF-8 mapping file for font encoding OT1

(/usr/share/texmf-dist/tex/latex/base/ot1enc.dfu
File: ot1enc.dfu 2008/04/05 v1.1m UTF-8 support for inputenc
   defining Unicode char U+00A1 (decimal 161)
   defining Unicode char U+00A3 (decimal 163)
   defining Unicode char U+00B8 (decimal 184)
   defining Unicode char U+00BF (decimal 191)
   defining Unicode char U+00C5 (decimal 197)
   defining Unicode char U+00C6 (decimal 198)
   defining Unicode char U+00D8 (decimal 216)
   defining Unicode char U+00DF (decimal 223)
   defining Unicode char U+00E6 (decimal 230)
   defining Unicode char U+00EC (decimal 236)
   defining Unicode char U+00ED (decimal 237)
   defining Unicode char U+00EE (decimal 238)
   defining Unicode char U+00EF (decimal 239)
   defining Unicode char U+00F8 (decimal 248)
   defining Unicode char U+0131 (decimal 305)
   defining Unicode char U+0141 (decimal 321)
   defining Unicode char U+0142 (decimal 322)
   defining Unicode char U+0152 (decimal 338)
   defining Unicode char U+0153 (decimal 339)
   defining Unicode char U+2013 (decimal 8211)
   defining Unicode char U+2014 (decimal 8212)
   defining Unicode char U+2018 (decimal 8216)
   defining Unicode char U+2019 (decimal 8217)
   defining Unicode char U+201C (decimal 8220)
   defining Unicode char U+201D (decimal 8221)
)
Now handling font encoding OMS ...
... processing UTF-8 mapping file for font encoding OMS

(/usr/share/texmf-dist/tex/latex/base/omsenc.dfu
File: omsenc.dfu 2008/04/05 v1.1m UTF-8 support for inputenc
   defining Unicode char U+00A7 (decimal 167)
   defining Unicode char U+00B6 (decimal 182)
   defining Unicode char U+00B7 (decimal 183)
   defining Unicode char U+2020 (decimal 8224)
   defining Unicode char U+2021 (decimal 8225)
   defining Unicode char U+2022 (decimal 8226)
)
Now handling font encoding OMX ...
... no UTF-8 mapping file for font encoding OMX
Now handling font encoding U ...
... no UTF-8 mapping file for font encoding U
   defining Unicode char U+00A9 (decimal 169)
   defining Unicode char U+00AA (decimal 170)
   defining Unicode char U+00AE (decimal 174)
   defining Unicode char U+00BA (decimal 186)
   defining Unicode char U+02C6 (decimal 710)
   defining Unicode char U+02DC (decimal 732)
   defining Unicode char U+200C (decimal 8204)
   defining Unicode char U+2026 (decimal 8230)
   defining Unicode char U+2122 (decimal 8482)
   defining Unicode char U+2423 (decimal 9251)
))
(/usr/share/texmf-dist/tex/latex/amsmath/amsmath.sty
Package: amsmath 2013/01/14 v2.14 AMS math features
\@mathmargin=\skip43

For additional information on amsmath, use the `?' option.
(/usr/share/texmf-dist/tex/latex/amsmath/amstext.sty
Package: amstext 2000/06/29 v2.01

(/usr/share/texmf-dist/tex/latex/amsmath/amsgen.sty
File: amsgen.sty 1999/11/30 v2.0
\@emptytoks=\toks16
\ex@=\dimen103
))
(/usr/share/texmf-dist/tex/latex/amsmath/amsbsy.sty
Package: amsbsy 1999/11/29 v1.2d
\pmbraise@=\dimen104
)
(/usr/share/texmf-dist/tex/latex/amsmath/amsopn.sty
Package: amsopn 1999/12/14 v2.01 operator names
)
\inf@bad=\count87
LaTeX Info: Redefining \frac on input line 210.
\uproot@=\count88
\leftroot@=\count89
LaTeX Info: Redefining \overline on input line 306.
\classnum@=\count90
\DOTSCASE@=\count91
LaTeX Info: Redefining \ldots on input line 378.
LaTeX Info: Redefining \dots on input line 381.
LaTeX Info: Redefining \cdots on input line 466.
\Mathstrutbox@=\box26
\strutbox@=\box27
\big@size=\dimen105
LaTeX Font Info:    Redeclaring font encoding OML on input line 566.
LaTeX Font Info:    Redeclaring font encoding OMS on input line 567.
\macc@depth=\count92
\c@MaxMatrixCols=\count93
\dotsspace@=\muskip10
\c@parentequation=\count94
\dspbrk@lvl=\count95
\tag@help=\toks17
\row@=\count96
\column@=\count97
\maxfields@=\count98
\andhelp@=\toks18
\eqnshift@=\dimen106
\alignsep@=\dimen107
\tagshift@=\dimen108
\tagwidth@=\dimen109
\totwidth@=\dimen110
\lineht@=\dimen111
\@envbody=\toks19
\multlinegap=\skip44
\multlinetaggap=\skip45
\mathdisplay@stack=\toks20
LaTeX Info: Redefining \[ on input line 2665.
LaTeX Info: Redefining \] on input line 2666.
)
(/usr/share/texmf-dist/tex/latex/amsfonts/amsfonts.sty
Package: amsfonts 2013/01/14 v3.01 Basic AMSFonts support
\symAMSa=\mathgroup4
\symAMSb=\mathgroup5
LaTeX Font Info:    Overwriting math alphabet `\mathfrak' in version `bold'
(Font)                  U/euf/m/n --> U/euf/b/n on input line 106.
)
(/usr/share/texmf-dist/tex/latex/jknapltx/mathrsfs.sty
Package: mathrsfs 1996/01/01 Math RSFS package v1.0 (jk)
\symrsfs=\mathgroup6
)
(/usr/share/texmf-dist/tex/latex/graphics/color.sty
Package: color 2005/11/14 v1.0j Standard LaTeX Color (DPC)

(/usr/share/texmf-dist/tex/latex/latexconfig/color.cfg
File: color.cfg 2007/01/18 v1.5 color configuration of teTeX/TeXLive
)
Package color Info: Driver file: pdftex.def on input line 130.

(/usr/share/texmf-dist/tex/latex/pdftex-def/pdftex.def
File: pdftex.def 2011/05/27 v0.06d Graphics/color for pdfTeX

(/usr/share/texmf-dist/tex/generic/oberdiek/infwarerr.sty
Package: infwarerr 2010/04/08 v1.3 Providing info/warning/error messages (HO)
)
(/usr/share/texmf-dist/tex/generic/oberdiek/ltxcmds.sty
Package: ltxcmds 2011/11/09 v1.22 LaTeX kernel commands for general use (HO)
)
\Gread@gobject=\count99
))
(/usr/share/texmf-dist/tex/generic/dvips/colordvi.sty)
(/usr/share/texmf-dist/tex/latex/graphics/graphicx.sty
Package: graphicx 1999/02/16 v1.0f Enhanced LaTeX Graphics (DPC,SPQR)

(/usr/share/texmf-dist/tex/latex/graphics/keyval.sty
Package: keyval 1999/03/16 v1.13 key=value parser (DPC)
\KV@toks@=\toks21
)
(/usr/share/texmf-dist/tex/latex/graphics/graphics.sty
Package: graphics 2009/02/05 v1.0o Standard LaTeX Graphics (DPC,SPQR)

(/usr/share/texmf-dist/tex/latex/graphics/trig.sty
Package: trig 1999/03/16 v1.09 sin cos tan (DPC)
)
(/usr/share/texmf-dist/tex/latex/latexconfig/graphics.cfg
File: graphics.cfg 2010/04/23 v1.9 graphics configuration of TeX Live
)
Package graphics Info: Driver file: pdftex.def on input line 91.
)
\Gin@req@height=\dimen112
\Gin@req@width=\dimen113
)
(/usr/share/texmf-dist/tex/latex/float/float.sty
Package: float 2001/11/08 v1.3d Float enhancements (AL)
\c@float@type=\count100
\float@exts=\toks22
\float@box=\box28
\@float@everytoks=\toks23
\@floatcapt=\box29
)
(./Making_MSWindows_installer.aux)
\openout1 = `Making_MSWindows_installer.aux'.

LaTeX Font Info:    Checking defaults for OML/cmm/m/it on input line 18.
LaTeX Font Info:    ... okay on input line 18.
LaTeX Font Info:    Checking defaults for T1/cmr/m/n on input line 18.
LaTeX Font Info:    ... okay on input line 18.
LaTeX Font Info:    Checking defaults for OT1/cmr/m/n on input line 18.
LaTeX Font Info:    ... okay on input line 18.
LaTeX Font Info:    Checking defaults for OMS/cmsy/m/n on input line 18.
LaTeX Font Info:    ... okay on input line 18.
LaTeX Font Info:    Checking defaults for OMX/cmex/m/n on input line 18.
LaTeX Font Info:    ... okay on input line 18.
LaTeX Font Info:    Checking defaults for U/cmr/m/n on input line 18.
LaTeX Font Info:    ... okay on input line 18.

(/usr/share/texmf-dist/tex/context/base/supp-pdf.mkii
[Loading MPS to PDF converter (version 2006.09.02).]
\scratchcounter=\count101
\scratchdimen=\dimen114
\scratchbox=\box30
\nofMPsegments=\count102
\nofMParguments=\count103
\everyMPshowfont=\toks24
\MPscratchCnt=\count104
\MPscratchDim=\dimen115
\MPnumerator=\count105
\makeMPintoPDFobject=\count106
\everyMPtoPDFconversion=\toks25
) (/usr/share/texmf-dist/tex/generic/oberdiek/pdftexcmds.sty
Package: pdftexcmds 2011/11/29 v0.20 Utility functions of pdfTeX for LuaTeX (HO
)

(/usr/share/texmf-dist/tex/generic/oberdiek/ifluatex.sty
Package: ifluatex 2010/03/01 v1.3 Provides the ifluatex switch (HO)
Package ifluatex Info: LuaTeX not detected.
)
(/usr/share/texmf-dist/tex/generic/oberdiek/ifpdf.sty
Package: ifpdf 2011/01/30 v2.3 Provides the ifpdf switch (HO)
Package ifpdf Info: pdfTeX in PDF mode is detected.
)
Package pdftexcmds Info: LuaTeX not detected.
Package pdftexcmds Info: \pdf@primitive is available.
Package pdftexcmds Info: \pdf@ifprimitive is available.
Package pdftexcmds Info: \pdfdraftmode found.
)
(/usr/share/texmf-dist/tex/latex/oberdiek/epstopdf-base.sty
Package: epstopdf-base 2010/02/09 v2.5 Base part for package epstopdf

(/usr/share/texmf-dist/tex/latex/oberdiek/grfext.sty
Package: grfext 2010/08/19 v1.1 Manage graphics extensions (HO)

(/usr/share/texmf-dist/tex/generic/oberdiek/kvdefinekeys.sty
Package: kvdefinekeys 2011/04/07 v1.3 Define keys (HO)
))
(/usr/share/texmf-dist/tex/latex/oberdiek/kvoptions.sty
Package: kvoptions 2011/06/30 v3.11 Key value format for package options (HO)

(/usr/share/texmf-dist/tex/generic/oberdiek/kvsetkeys.sty
Package: kvsetkeys 2012/04/25 v1.16 Key value parser (HO)

(/usr/share/texmf-dist/tex/generic/oberdiek/etexcmds.sty
Package: etexcmds 2011/02/16 v1.5 Avoid name clashes with e-TeX commands (HO)
Package etexcmds Info: Could not find \expanded.
(etexcmds)             That can mean that you are not using pdfTeX 1.50 or
(etexcmds)             that some package has redefined \expanded.
(etexcmds)             In the latter case, load this package earlier.
)))
Package grfext Info: Graphics extension search list:
(grfext)             [.png,.pdf,.jpg,.mps,.jpeg,.jbig2,.jb2,.PNG,.PDF,.JPG,.JPE
G,.JBIG2,.JB2,.eps]
(grfext)             \AppendGraphicsExtensions on input line 452.

(/usr/share/texmf-dist/tex/latex/latexconfig/epstopdf-sys.cfg
File: epstopdf-sys.cfg 2010/07/13 v1.3 Configuration of (r)epstopdf for TeX Liv
e
))
LaTeX Font Info:    Try loading font information for U+msa on input line 28.

(/usr/share/texmf-dist/tex/latex/amsfonts/umsa.fd
File: umsa.fd 2013/01/14 v3.01 AMS symbols A
)
LaTeX Font Info:    Try loading font information for U+msb on input line 28.

(/usr/share/texmf-dist/tex/latex/amsfonts/umsb.fd
File: umsb.fd 2013/01/14 v3.01 AMS symbols B
)
LaTeX Font Info:    Try loading font information for U+rsfs on input line 28.

(/usr/share/texmf-dist/tex/latex/jknapltx/ursfs.fd
File: ursfs.fd 1998/03/24 rsfs font definition file (jk)
)
LaTeX Font Info:    Try loading font information for OMS+cmr on input line 34.

(/usr/share/texmf-dist/tex/latex/base/omscmr.fd
File: omscmr.fd 1999/05/25 v2.5h Standard LaTeX font definitions
)
LaTeX Font Info:    Font shape `OMS/cmr/m/n' in size <12> not available
(Font)              Font shape `OMS/cmsy/m/n' tried instead on input line 34.

<./images/fig1.png, id=1, 1445.4pt x 813.0375pt>
File: ./images/fig1.png Graphic file (type png)
 <use ./images/fig1.png>
Package pdftex.def Info: ./images/fig1.png used on input line 53.
(pdftex.def)             Requested size: 184.9429pt x 104.02377pt.

<./images/fig2.png, id=2, 1445.4pt x 813.0375pt>
File: ./images/fig2.png Graphic file (type png)
 <use ./images/fig2.png>
Package pdftex.def Info: ./images/fig2.png used on input line 63.
(pdftex.def)             Requested size: 184.9429pt x 104.02377pt.

Overfull \hbox (17.61108pt too wide) in paragraph at lines 50--68
[]$[]$ $[]$ 
 []

[1

{/usr/share/texmf-dist/fonts/map/pdftex/updmap/pdftex.map} <./images/fig1.png> 
<./images/fig2.png>]
Underfull \hbox (badness 10000) in paragraph at lines 80--84

 []

<./images/fig3.png, id=19, 1194.71344pt x 779.91376pt>
File: ./images/fig3.png Graphic file (type png)
 <use ./images/fig3.png>
Package pdftex.def Info: ./images/fig3.png used on input line 94.
(pdftex.def)             Requested size: 156.49014pt x 102.15398pt.

<./images/fig4.png, id=20, 1446.15282pt x 770.88pt>
File: ./images/fig4.png Graphic file (type png)
 <use ./images/fig4.png>
Package pdftex.def Info: ./images/fig4.png used on input line 104.
(pdftex.def)             Requested size: 184.9429pt x 98.5829pt.

Overfull \hbox (17.61108pt too wide) in paragraph at lines 90--109
[]$[]$ $[]$ 
 []

<./images/fig5.png, id=21, 1538.74875pt x 754.31813pt>
File: ./images/fig5.png Graphic file (type png)
 <use ./images/fig5.png>
Package pdftex.def Info: ./images/fig5.png used on input line 124.
(pdftex.def)             Requested size: 156.49014pt x 76.71384pt.

<./images/fig6.png, id=22, 1445.4pt x 813.0375pt>
File: ./images/fig6.png Graphic file (type png)
 <use ./images/fig6.png>
Package pdftex.def Info: ./images/fig6.png used on input line 134.
(pdftex.def)             Requested size: 156.49014pt x 88.02013pt.

Overfull \hbox (17.61108pt too wide) in paragraph at lines 120--140
[]$[]$ $[]$ 
 []

[2 <./images/fig3.png (PNG copy)> <./images/fig4.png> <./images/fig5.png> <./im
ages/fig6.png>] <./images/fig7.png, id=28, 1445.4pt x 813.0375pt>
File: ./images/fig7.png Graphic file (type png)

<use ./images/fig7.png>
Package pdftex.def Info: ./images/fig7.png used on input line 152.
(pdftex.def)             Requested size: 156.49014pt x 88.02013pt.
 <./images/fig8.png, id=29, 1445.4pt x 813.0375pt>
File: ./images/fig8.png Graphic file (type png)

<use ./images/fig8.png>
Package pdftex.def Info: ./images/fig8.png used on input line 162.
(pdftex.def)             Requested size: 156.49014pt x 88.02013pt.

Overfull \hbox (17.61108pt too wide) in paragraph at lines 148--168
[]$[]$ $[]$ 
 []

<./images/fig9.png, id=30, 1445.4pt x 813.0375pt>
File: ./images/fig9.png Graphic file (type png)
 <use ./images/fig9.png>
Package pdftex.def Info: ./images/fig9.png used on input line 173.
(pdftex.def)             Requested size: 156.49014pt x 88.02013pt.

<./images/fig10.png, id=31, 1445.4pt x 813.0375pt>
File: ./images/fig10.png Graphic file (type png)
 <use ./images/fig10.png>
Package pdftex.def Info: ./images/fig10.png used on input line 183.
(pdftex.def)             Requested size: 156.49014pt x 88.02013pt.

Overfull \hbox (17.61108pt too wide) in paragraph at lines 169--189
[]$[]$ $[]$ 
 []

<./images/fig11.png, id=32, 1445.4pt x 813.0375pt>
File: ./images/fig11.png Graphic file (type png)
 <use ./images/fig11.png>
Package pdftex.def Info: ./images/fig11.png used on input line 194.
(pdftex.def)             Requested size: 156.49014pt x 88.02013pt.

<./images/fig12.png, id=33, 1445.4pt x 813.0375pt>
File: ./images/fig12.png Graphic file (type png)
 <use ./images/fig12.png>
Package pdftex.def Info: ./images/fig12.png used on input line 204.
(pdftex.def)             Requested size: 156.49014pt x 88.02013pt.

Overfull \hbox (17.61108pt too wide) in paragraph at lines 190--210
[]$[]$ $[]$ 
 []

<./images/fig13.png, id=34, 1445.4pt x 813.0375pt>
File: ./images/fig13.png Graphic file (type png)
 <use ./images/fig13.png>
Package pdftex.def Info: ./images/fig13.png used on input line 222.
(pdftex.def)             Requested size: 156.49014pt x 88.02013pt.

<./images/fig14.png, id=35, 1445.4pt x 813.0375pt>
File: ./images/fig14.png Graphic file (type png)
 <use ./images/fig14.png>
Package pdftex.def Info: ./images/fig14.png used on input line 232.
(pdftex.def)             Requested size: 156.49014pt x 88.02013pt.

Overfull \hbox (17.61108pt too wide) in paragraph at lines 218--238
[]$[]$ $[]$ 
 []

[3 <./images/fig7.png> <./images/fig8.png> <./images/fig9.png> <./images/fig10.
png> <./images/fig11.png> <./images/fig12.png>]
<./images/fig15.png, id=39, 1445.4pt x 813.0375pt>
File: ./images/fig15.png Graphic file (type png)
 <use ./images/fig15.png>
Package pdftex.def Info: ./images/fig15.png used on input line 257.
(pdftex.def)             Requested size: 156.49014pt x 88.02013pt.

<./images/fig16.png, id=40, 1445.4pt x 813.0375pt>
File: ./images/fig16.png Graphic file (type png)
 <use ./images/fig16.png>
Package pdftex.def Info: ./images/fig16.png used on input line 267.
(pdftex.def)             Requested size: 156.49014pt x 88.02013pt.

Overfull \hbox (17.61108pt too wide) in paragraph at lines 253--273
[]$[]$ $[]$ 
 []

<./images/fig17.png, id=41, 1445.4pt x 813.0375pt>
File: ./images/fig17.png Graphic file (type png)
 <use ./images/fig17.png>
Package pdftex.def Info: ./images/fig17.png used on input line 278.
(pdftex.def)             Requested size: 156.49014pt x 88.02013pt.

<./images/fig18.png, id=42, 1445.4pt x 813.0375pt>
File: ./images/fig18.png Graphic file (type png)
 <use ./images/fig18.png>
Package pdftex.def Info: ./images/fig18.png used on input line 288.
(pdftex.def)             Requested size: 156.49014pt x 88.02013pt.

Overfull \hbox (17.61108pt too wide) in paragraph at lines 274--294
[]$[]$ $[]$ 
 []

[4 <./images/fig13.png> <./images/fig14.png> <./images/fig15.png> <./images/fig
16.png> <./images/fig17.png> <./images/fig18.png>]
<./images/fig19.png, id=46, 1445.4pt x 813.0375pt>
File: ./images/fig19.png Graphic file (type png)
 <use ./images/fig19.png>
Package pdftex.def Info: ./images/fig19.png used on input line 313.
(pdftex.def)             Requested size: 156.49014pt x 88.02013pt.

<./images/fig20.png, id=47, 1445.4pt x 813.0375pt>
File: ./images/fig20.png Graphic file (type png)
 <use ./images/fig20.png>
Package pdftex.def Info: ./images/fig20.png used on input line 323.
(pdftex.def)             Requested size: 156.49014pt x 88.02013pt.

Overfull \hbox (17.61108pt too wide) in paragraph at lines 309--329
[]$[]$ $[]$ 
 []

<./images/fig21.png, id=48, 1452.17531pt x 773.13844pt>
File: ./images/fig21.png Graphic file (type png)

<use ./images/fig21.png>
Package pdftex.def Info: ./images/fig21.png used on input line 339.
(pdftex.def)             Requested size: 156.49014pt x 83.31131pt.
 [5 <./images/fig19.png> <./images/fig20.png> <./images/fig21.png>] <./images/f
ig22.png, id=52, 1445.4pt x 813.0375pt>
File: ./images/fig22.png Graphic file (type png)

<use ./images/fig22.png>
Package pdftex.def Info: ./images/fig22.png used on input line 382.
(pdftex.def)             Requested size: 156.49014pt x 88.02013pt.
 <./images/fig23.png, id=53, 1445.4pt x 813.0375pt>
File: ./images/fig23.png Graphic file (type png)

<use ./images/fig23.png>
Package pdftex.def Info: ./images/fig23.png used on input line 392.
(pdftex.def)             Requested size: 156.49014pt x 88.02013pt.

Overfull \hbox (17.61108pt too wide) in paragraph at lines 378--398
[]$[]$ $[]$ 
 []

[6 <./images/fig22.png> <./images/fig23.png>] (./Making_MSWindows_installer.aux
) ) 
Here is how much of TeX's memory you used:
 2819 strings out of 493315
 36911 string characters out of 6143675
 102560 words of memory out of 5000000
 6179 multiletter control sequences out of 15000+600000
 11819 words of font info for 47 fonts, out of 8000000 for 9000
 957 hyphenation exceptions out of 8191
 37i,13n,24p,605b,353s stack positions out of 5000i,500n,10000p,200000b,80000s
</usr/share/texmf-dist/fonts/type1/public/amsfonts/cm/cmbx12.pfb></usr/share
/texmf-dist/fonts/type1/public/amsfonts/cm/cmr10.pfb></usr/share/texmf-dist/fon
ts/type1/public/amsfonts/cm/cmr12.pfb></usr/share/texmf-dist/fonts/type1/public
/amsfonts/cm/cmr17.pfb></usr/share/texmf-dist/fonts/type1/public/amsfonts/cm/cm
r8.pfb></usr/share/texmf-dist/fonts/type1/public/amsfonts/cm/cmr9.pfb></usr/sha
re/texmf-dist/fonts/type1/public/amsfonts/cm/cmsy10.pfb></usr/share/texmf-dist/
fonts/type1/public/amsfonts/cm/cmsy6.pfb></usr/share/texmf-dist/fonts/type1/pub
lic/amsfonts/cm/cmsy8.pfb></usr/share/texmf-dist/fonts/type1/public/amsfonts/cm
/cmti12.pfb></usr/share/texmf-dist/fonts/type1/public/amsfonts/cm/cmti9.pfb></u
sr/share/texmf-dist/fonts/type1/public/amsfonts/cm/cmtt12.pfb></usr/share/texmf
-dist/fonts/type1/public/amsfonts/cm/cmtt9.pfb>
Output written on Making_MSWindows_installer.pdf (6 pages, 4997734 bytes).
PDF statistics:
 98 PDF objects out of 1000 (max. 8388607)
 53 compressed objects within 1 object stream
 0 named destinations out of 1000 (max. 500000)
 116 words of extra memory for PDF output out of 10000 (max. 10000000)

