\BOOKMARK [1][-]{section.1}{Installation }{}% 1
\BOOKMARK [2][-]{subsection.1.1}{Linux and MacOS installation }{section.1}% 2
\BOOKMARK [2][-]{subsection.1.2}{Windows installation }{section.1}% 3
\BOOKMARK [2][-]{subsection.1.3}{Starting DAMQT }{section.1}% 4
\BOOKMARK [1][-]{section.2}{The Graphical User Interface I: Main window }{}% 5
\BOOKMARK [2][-]{subsection.2.1}{Project }{section.2}% 6
\BOOKMARK [2][-]{subsection.2.2}{Atomic densities }{section.2}% 7
\BOOKMARK [2][-]{subsection.2.3}{Density }{section.2}% 8
\BOOKMARK [2][-]{subsection.2.4}{Electrostatic potential }{section.2}% 9
\BOOKMARK [2][-]{subsection.2.5}{Molecular orbitals }{section.2}% 10
\BOOKMARK [2][-]{subsection.2.6}{Molecular topography }{section.2}% 11
\BOOKMARK [2][-]{subsection.2.7}{MESP sigma hole }{section.2}% 12
\BOOKMARK [2][-]{subsection.2.8}{Electric field }{section.2}% 13
\BOOKMARK [2][-]{subsection.2.9}{Density gradient }{section.2}% 14
\BOOKMARK [2][-]{subsection.2.10}{Hellmann-Feynman forces on nuclei }{section.2}% 15
\BOOKMARK [2][-]{subsection.2.11}{Radial factors }{section.2}% 16
\BOOKMARK [2][-]{subsection.2.12}{Oriented multipoles }{section.2}% 17
\BOOKMARK [2][-]{subsection.2.13}{One-center MED expansions in Zernike-Canterakis or Jacobi functions }{section.2}% 18
\BOOKMARK [2][-]{subsection.2.14}{Zernike-Jacobi density tabulation}{section.2}% 19
\BOOKMARK [1][-]{section.3}{The Graphical User Interface II: 2D Plots }{}% 20
\BOOKMARK [2][-]{subsection.3.1}{Contour plots }{section.3}% 21
\BOOKMARK [2][-]{subsection.3.2}{Field lines }{section.3}% 22
\BOOKMARK [2][-]{subsection.3.3}{MESP sigma holes histogram }{section.3}% 23
\BOOKMARK [2][-]{subsection.3.4}{Radial factors }{section.3}% 24
\BOOKMARK [2][-]{subsection.3.5}{Critical points }{section.3}% 25
\BOOKMARK [2][-]{subsection.3.6}{Basins }{section.3}% 26
\BOOKMARK [2][-]{subsection.3.7}{Options }{section.3}% 27
\BOOKMARK [2][-]{subsection.3.8}{Image capture}{section.3}% 28
\BOOKMARK [2][-]{subsection.3.9}{Save/retrieve settings}{section.3}% 29
\BOOKMARK [2][-]{subsection.3.10}{Mouse operation}{section.3}% 30
\BOOKMARK [1][-]{section.4}{The Graphical User Interface III: 3D Graphics }{}% 31
\BOOKMARK [2][-]{subsection.4.1}{Add molecule }{section.4}% 32
\BOOKMARK [2][-]{subsection.4.2}{Geometry measures }{section.4}% 33
\BOOKMARK [2][-]{subsection.4.3}{Rotations }{section.4}% 34
\BOOKMARK [2][-]{subsection.4.4}{Translations }{section.4}% 35
\BOOKMARK [2][-]{subsection.4.5}{Axes }{section.4}% 36
\BOOKMARK [2][-]{subsection.4.6}{Capture manager }{section.4}% 37
\BOOKMARK [2][-]{subsection.4.7}{Lights manager }{section.4}% 38
\BOOKMARK [2][-]{subsection.4.8}{Balls and sticks manager }{section.4}% 39
\BOOKMARK [2][-]{subsection.4.9}{Viewport manager }{section.4}% 40
\BOOKMARK [2][-]{subsection.4.10}{Optimize cluster }{section.4}% 41
\BOOKMARK [2][-]{subsection.4.11}{Save geometry }{section.4}% 42
\BOOKMARK [2][-]{subsection.4.12}{Save/retrieve settings }{section.4}% 43
\BOOKMARK [2][-]{subsection.4.13}{Molecule editor }{section.4}% 44
\BOOKMARK [3][-]{subsubsection.4.13.1}{Molecular skeleton }{subsection.4.13}% 45
\BOOKMARK [3][-]{subsubsection.4.13.2}{Labels }{subsection.4.13}% 46
\BOOKMARK [3][-]{subsubsection.4.13.3}{Rotations }{subsection.4.13}% 47
\BOOKMARK [3][-]{subsubsection.4.13.4}{Translations }{subsection.4.13}% 48
\BOOKMARK [3][-]{subsubsection.4.13.5}{Axes }{subsection.4.13}% 49
\BOOKMARK [3][-]{subsubsection.4.13.6}{Hellmann-Feynman forces }{subsection.4.13}% 50
\BOOKMARK [3][-]{subsubsection.4.13.7}{3D lines }{subsection.4.13}% 51
\BOOKMARK [3][-]{subsubsection.4.13.8}{Critical points }{subsection.4.13}% 52
\BOOKMARK [3][-]{subsubsection.4.13.9}{Surfaces }{subsection.4.13}% 53
\BOOKMARK [3][-]{subsubsection.4.13.10}{Isosurfaces }{subsection.4.13}% 54
\BOOKMARK [2][-]{subsection.4.14}{Mouse operation }{section.4}% 55
\BOOKMARK [1][-]{section.5}{Interfaces }{}% 56
\BOOKMARK [2][-]{subsection.5.1}{GAUSSIAN interface }{section.5}% 57
\BOOKMARK [2][-]{subsection.5.2}{MOLPRO interfaces }{section.5}% 58
\BOOKMARK [2][-]{subsection.5.3}{ADF interface }{section.5}% 59
\BOOKMARK [2][-]{subsection.5.4}{TURBOMOLE interface }{section.5}% 60
\BOOKMARK [2][-]{subsection.5.5}{MOPAC interface }{section.5}% 61
\BOOKMARK [2][-]{subsection.5.6}{NWCHEM interface }{section.5}% 62
\BOOKMARK [2][-]{subsection.5.7}{MOLEKEL interface }{section.5}% 63
\BOOKMARK [1][-]{section.6}{Gallery }{}% 64
\BOOKMARK [2][-]{subsection.6.1}{Molecular density }{section.6}% 65
\BOOKMARK [2][-]{subsection.6.2}{Atoms in molecules }{section.6}% 66
\BOOKMARK [2][-]{subsection.6.3}{Density deformation and bonding }{section.6}% 67
\BOOKMARK [2][-]{subsection.6.4}{Electrostatic potential \040}{section.6}% 68
\BOOKMARK [2][-]{subsection.6.5}{Molecular topography \040}{section.6}% 69
\BOOKMARK [2][-]{subsection.6.6}{MESP sigma hole \040}{section.6}% 70
\BOOKMARK [2][-]{subsection.6.7}{Electric field \040}{section.6}% 71
\BOOKMARK [2][-]{subsection.6.8}{Hellmann-Feynman forces \040}{section.6}% 72
\BOOKMARK [2][-]{subsection.6.9}{Zernike-Canterakis expansion of MED \040}{section.6}% 73
\BOOKMARK [1][-]{appendix.A}{Appendix: Format of files .ggbs \040and .den}{}% 74
\BOOKMARK [1][-]{appendix.B}{Appendix: Files \1372016.damqt}{}% 75
\BOOKMARK [1][-]{appendix.C}{Appendix: Files .plt \040and .pltd}{}% 76
\BOOKMARK [1][-]{appendix.D}{Appendix: Files .cnt}{}% 77
\BOOKMARK [1][-]{appendix.E}{Appendix: Files SGMESP\137summary.txt}{}% 78
\BOOKMARK [1][-]{appendix.F}{Appendix: Hints for cluster building with EPIC}{}% 79
\BOOKMARK [1][-]{appendix.G}{Appendix: Known issues}{}% 80
